<?xml version="1.0" encoding="UTF-8"?>
<!-- Generated by org.testng.reporters.JUnitXMLReporter -->
<testsuite ignored="0" hostname="RushTen" failures="0" tests="8" name="UjianDuaTest" time="0.084" errors="0" timestamp="2022-09-18T09:44:47 ICT">
  <testcase classname="ujian.ujiankedua.GeometriTest" name="testLuasPersegi" time="0.007"/>
  <testcase classname="ujian.ujiankedua.GeometriTest" name="testLuasSegitiga" time="0.002"/>
  <testcase classname="ujian.ujiankedua.GeometriTest" name="testLuasTrapesium" time="0.002"/>
  <testcase classname="ujian.ujiankedua.MatematikaTest" name="testSum" time="0.001"/>
  <testcase classname="ujian.ujiankedua.MatematikaTest" name="testSubtract" time="0.0"/>
  <testcase classname="ujian.ujiankedua.MatematikaTest" name="testDevide" time="0.002"/>
  <testcase classname="ujian.ujiankedua.MatematikaTest" name="testMod" time="0.001"/>
  <testcase classname="ujian.ujiankedua.StringToNumericTest" name="testDevide" time="0.001"/>
</testsuite> <!-- UjianDuaTest -->
