<?xml version="1.0" encoding="UTF-8"?>
<!-- Generated by org.testng.reporters.JUnitXMLReporter -->
<testsuite ignored="2" hostname="RushTen" failures="0" tests="1" name="Default test" time="0.036" errors="0" timestamp="2022-09-17T14:37:56 ICT">
  <testcase classname="ujian.ujiankedua.GeometriTest" name="testLuasPersegi" time="0.004"/>
  <testcase classname="ujian.ujiankedua.GeometriTest" name="testLuasTrapesium" time="0.0">
    <ignored/>
  </testcase> <!-- testLuasTrapesium -->
  <testcase classname="ujian.ujiankedua.GeometriTest" name="testLuasSegitiga" time="0.0">
    <ignored/>
  </testcase> <!-- testLuasSegitiga -->
</testsuite> <!-- Default test -->
