<?xml version="1.0" encoding="UTF-8"?>
<!-- Generated by org.testng.reporters.JUnitXMLReporter -->
<testsuite ignored="4" hostname="RushTen" failures="0" tests="2" name="Rentenir Flow Test" time="0.059" errors="0" timestamp="2022-09-18T09:44:07 ICT">
  <testcase classname="latihantest.testing.ERentenirAPITest" name="LoginAPITest" time="0.008"/>
  <testcase classname="latihantest.testing.ERentenirWebTest" name="LoginTest" time="0.002"/>
  <testcase classname="latihantest.testing.ERentenirWebTest" name="RentenirHomePageTest" time="0.0">
    <ignored/>
  </testcase> <!-- RentenirHomePageTest -->
  <testcase classname="latihantest.testing.ERentenirWebTest" name="PeminjamHomePageTest" time="0.0">
    <ignored/>
  </testcase> <!-- PeminjamHomePageTest -->
  <testcase classname="latihantest.testing.ERentenirAPITest" name="RentenirHomePageAPITest" time="0.0">
    <ignored/>
  </testcase> <!-- RentenirHomePageAPITest -->
  <testcase classname="latihantest.testing.ERentenirAPITest" name="PeminjamHomePageAPITest" time="0.0">
    <ignored/>
  </testcase> <!-- PeminjamHomePageAPITest -->
</testsuite> <!-- Rentenir Flow Test -->
