<?xml version="1.0" encoding="UTF-8"?>
<!-- Generated by org.testng.reporters.JUnitXMLReporter -->
<testsuite ignored="0" hostname="DESKTOP-26B5BFK" failures="0" tests="8" name="UjianDuaTest3" time="0.093" errors="0" timestamp="2022-09-06T12:40:29 ICT">
  <testcase classname="ujiantest.kedua.MatematikaTest" name="testSum" time="0.007"/>
  <testcase classname="ujiantest.kedua.MatematikaTest" name="testSubtract" time="0.002"/>
  <testcase classname="ujiantest.kedua.MatematikaTest" name="testDevide" time="0.003"/>
  <testcase classname="ujiantest.kedua.MatematikaTest" name="testMod" time="0.001"/>
  <testcase classname="ujiantest.kedua.StringToNumericTest" name="testDevide" time="0.002"/>
  <testcase classname="ujiantest.kedua.GeometriTest" name="testLuasPersegi" time="0.001"/>
  <testcase classname="ujiantest.kedua.GeometriTest" name="testLuasSegitiga" time="0.002"/>
  <testcase classname="ujiantest.kedua.GeometriTest" name="testLuasTrapesium" time="0.002"/>
</testsuite> <!-- UjianDuaTest3 -->
