<?xml version="1.0" encoding="UTF-8"?>
<!-- Generated by org.testng.reporters.JUnitXMLReporter -->
<testsuite ignored="0" hostname="RushTen" failures="0" tests="4" name="Computer Spec Test" time="0.057" errors="0" timestamp="2022-09-18T09:42:50 ICT">
  <testcase classname="latihantest.testing.ComputerSpecTest1" name="RAMTest" time="0.012"/>
  <testcase classname="latihantest.testing.ComputerSpecTest1" name="StorageTest" time="0.001"/>
  <testcase classname="latihantest.testing.ComputerSpecTest2" name="OSTest" time="0.002"/>
  <testcase classname="latihantest.testing.ComputerSpecTest2" name="browserTest" time="0.001"/>
</testsuite> <!-- Computer Spec Test -->
