<?xml version="1.0" encoding="UTF-8"?>
<!-- Generated by org.testng.reporters.JUnitXMLReporter -->
<testsuite ignored="0" hostname="DESKTOP-26B5BFK" failures="0" tests="4" name="Computer Spec Test" time="0.064" errors="0" timestamp="2022-09-05T19:54:31 ICT">
  <testcase classname="latihantest.testing.ComputerSpecTest1" name="RAMTest" time="0.013"/>
  <testcase classname="latihantest.testing.ComputerSpecTest1" name="StorageTest" time="0.002"/>
  <testcase classname="latihantest.testing.ComputerSpecTest2" name="OSTest" time="0.002"/>
  <testcase classname="latihantest.testing.ComputerSpecTest2" name="browserTest" time="0.002"/>
</testsuite> <!-- Computer Spec Test -->
