<?xml version="1.0" encoding="UTF-8"?>
<testng-results ignored="0" total="1" passed="1" failed="0" skipped="0">
  <reporter-output>
  </reporter-output>
  <suite started-at="2022-09-16T23:04:21 ICT" name="Default suite" finished-at="2022-09-16T23:04:50 ICT" duration-ms="28331">
    <groups>
    </groups>
    <test started-at="2022-09-16T23:04:21 ICT" name="Default test" finished-at="2022-09-16T23:04:50 ICT" duration-ms="28331">
      <class name="tugas.selenium.demoqa.PracticeFormPageTest">
        <test-method is-config="true" signature="setUp()[pri:0, instance:tugas.selenium.demoqa.PracticeFormPageTest@53fb3dab]" started-at="2022-09-16T23:04:21 ICT" name="setUp" finished-at="2022-09-16T23:04:21 ICT" duration-ms="10" status="PASS">
          <reporter-output>
          </reporter-output>
        </test-method> <!-- setUp -->
        <test-method is-config="true" signature="pageObject()[pri:0, instance:tugas.selenium.demoqa.PracticeFormPageTest@53fb3dab]" started-at="2022-09-16T23:04:21 ICT" name="pageObject" finished-at="2022-09-16T23:04:40 ICT" duration-ms="18312" status="PASS">
          <reporter-output>
          </reporter-output>
        </test-method> <!-- pageObject -->
        <test-method signature="testValidSubmitForm()[pri:0, instance:tugas.selenium.demoqa.PracticeFormPageTest@53fb3dab]" started-at="2022-09-16T23:04:40 ICT" name="testValidSubmitForm" finished-at="2022-09-16T23:04:46 ICT" duration-ms="6148" status="PASS">
          <reporter-output>
          </reporter-output>
        </test-method> <!-- testValidSubmitForm -->
        <test-method is-config="true" signature="closeBrowser()[pri:0, instance:tugas.selenium.demoqa.PracticeFormPageTest@53fb3dab]" started-at="2022-09-16T23:04:46 ICT" name="closeBrowser" finished-at="2022-09-16T23:04:50 ICT" duration-ms="3818" status="PASS">
          <reporter-output>
          </reporter-output>
        </test-method> <!-- closeBrowser -->
      </class> <!-- tugas.selenium.demoqa.PracticeFormPageTest -->
    </test> <!-- Default test -->
  </suite> <!-- Default suite -->
</testng-results>
